<?xml version="1.0" encoding="UTF-8"?>
<testsuites name="All Search Test Cases" time="7.781" tests="4" failures="0" skips="0" errors="1">
   <testsuite name="All Search Test Cases" tests="4" failures="0" errors="1" time="7.781" skips="0" timestamp="2021-02-08 18:57:18" hostname="admin - alalzabargaspro" id="Test Suites/All Search Test Cases">
      <properties>
         <property name="deviceName" value=""/>
         <property name="devicePlatform" value=""/>
         <property name="logFolder" value="/Users/admin/Katalon Studio/GitHubSearch/Reports/20210208_185716/All Search Test Cases/20210208_185716"/>
         <property name="logFiles" value="/Users/admin/Katalon Studio/GitHubSearch/Reports/20210208_185716/All Search Test Cases/20210208_185716/execution0.log"/>
         <property name="attachments" value=""/>
         <property name="hostName" value="admin - alalzabargaspro"/>
         <property name="hostAddress" value="192.168.1.6"/>
         <property name="os" value="Mac OS X 64bit"/>
         <property name="katalonVersion" value="7.9.0.208"/>
      </properties>
      <testcase name="Test Cases/Search" time="2.778" classname="Test Cases/Search" status="PASSED">
         <system-out><![CDATA[2021-02-08 18:57:19 - [TEST_CASE][PASSED] - Test Cases/Search: Test Cases/Search

2021-02-08 18:57:20 - [TEST_STEP][PASSED] - location = searchLocation: null

2021-02-08 18:57:20 - [TEST_STEP][PASSED] - description = searchDescription: null

2021-02-08 18:57:20 - [TEST_STEP][PASSED] - fullTime = searchFullTime: null

2021-02-08 18:57:20 - [TEST_STEP][PASSED] - lat = latitude: null

2021-02-08 18:57:20 - [TEST_STEP][PASSED] - longPar = longitude: null

2021-02-08 18:57:20 - [TEST_STEP][PASSED] - pageNum = pageNumber: null

2021-02-08 18:57:20 - [TEST_STEP][PASSED] - Search = generalSearch: null

2021-02-08 18:57:20 - [TEST_STEP][PASSED] - location = location: null

2021-02-08 18:57:20 - [TEST_STEP][PASSED] - description = description: null

2021-02-08 18:57:20 - [TEST_STEP][PASSED] - fullTime = fullTime: null

2021-02-08 18:57:20 - [TEST_STEP][PASSED] - latitude = lat: null

2021-02-08 18:57:20 - [TEST_STEP][PASSED] - longitude = longPar: null

2021-02-08 18:57:20 - [TEST_STEP][PASSED] - println("GlobalVariable.location::: " + location): null

2021-02-08 18:57:20 - [TEST_STEP][PASSED] - println("GlobalVariable.description::: " + description): null

2021-02-08 18:57:20 - [TEST_STEP][PASSED] - println("GlobalVariable.fullTime::: " + fullTime): null

2021-02-08 18:57:20 - [TEST_STEP][PASSED] - println("GlobalVariable.latitude::: " + latitude): null

2021-02-08 18:57:20 - [TEST_STEP][PASSED] - println("GlobalVariable.longitude::: " + longitude): null

2021-02-08 18:57:20 - [TEST_STEP][PASSED] - SearchRes = <not implemented yet for class: org.codehaus.groovy.ast.expr.EmptyExpression>: null

2021-02-08 18:57:20 - [TEST_STEP][PASSED] - slurper = new groovy.json.JsonSlurper(): null

2021-02-08 18:57:20 - [TEST_STEP][PASSED] - if (pageNum.isEmpty()): null

2021-02-08 18:57:20 - [TEST_STEP][PASSED] - else: null

2021-02-08 18:57:20 - [TEST_STEP][PASSED] - positionsAPI = positionsAPI + "page=" + pageNum + "&": null

2021-02-08 18:57:20 - [TEST_STEP][PASSED] - if (Search.isEmpty()): null

2021-02-08 18:57:20 - [TEST_STEP][PASSED] - else: null

2021-02-08 18:57:20 - [TEST_STEP][PASSED] - positionsAPI = positionsAPI + "search=" + Search + "&": null

2021-02-08 18:57:20 - [TEST_STEP][PASSED] - if (!(toString().isEmpty()) || !(toString().isEmpty())): null

2021-02-08 18:57:20 - [TEST_STEP][PASSED] - SearchRes = sendRequest(findTestObject("Object Repository/SearchAPIs/positions.json - lat_long")): Send request successfully

2021-02-08 18:57:22 - [MESSAGE][INFO] - HAR: /Users/admin/Katalon Studio/GitHubSearch/Reports/20210208_185716/All Search Test Cases/20210208_185716/requests/main/0.har

2021-02-08 18:57:22 - [MESSAGE][PASSED] - Send request successfully

2021-02-08 18:57:22 - [TEST_STEP][PASSED] - println("lat_long API/Search not empty and Page not empty"): null

2021-02-08 18:57:22 - [TEST_STEP][PASSED] - CommonKW().verifyStatusCode(SearchRes, 200): Response status codes match

2021-02-08 18:57:22 - [MESSAGE][PASSED] - Response status codes match

2021-02-08 18:57:22 - [TEST_STEP][PASSED] - SearchResBody = slurper.parseText(SearchRes.getResponseBodyContent()): null

2021-02-08 18:57:22 - [TEST_STEP][PASSED] - println("Job Title::: " + get(0).get("title")): null]]></system-out>
         <system-err><![CDATA[]]></system-err>
      </testcase>
      <testcase name="Test Cases/Search" time="0.865" classname="Test Cases/Search" status="ERROR">
         <error type="ERROR" message="Test Cases/Search FAILED.
Reason:
java.lang.IndexOutOfBoundsException: Index: 0, Size: 0
	at java_util_List$get$0.call(Unknown Source)
	at Search.run(Search:109)
	at com.kms.katalon.core.main.ScriptEngine.run(ScriptEngine.java:194)
	at com.kms.katalon.core.main.ScriptEngine.runScriptAsRawText(ScriptEngine.java:119)
	at com.kms.katalon.core.main.TestCaseExecutor.runScript(TestCaseExecutor.java:398)
	at com.kms.katalon.core.main.TestCaseExecutor.doExecute(TestCaseExecutor.java:389)
	at com.kms.katalon.core.main.TestCaseExecutor.processExecutionPhase(TestCaseExecutor.java:368)
	at com.kms.katalon.core.main.TestCaseExecutor.accessMainPhase(TestCaseExecutor.java:360)
	at com.kms.katalon.core.main.TestCaseExecutor.execute(TestCaseExecutor.java:255)
	at com.kms.katalon.core.main.TestSuiteExecutor.accessTestCaseMainPhase(TestSuiteExecutor.java:203)
	at com.kms.katalon.core.main.TestSuiteExecutor.accessTestSuiteMainPhase(TestSuiteExecutor.java:152)
	at com.kms.katalon.core.main.TestSuiteExecutor.execute(TestSuiteExecutor.java:95)
	at com.kms.katalon.core.main.TestCaseMain.startTestSuite(TestCaseMain.java:157)
	at com.kms.katalon.core.main.TestCaseMain$startTestSuite$0.call(Unknown Source)
	at TempTestSuite1612803436481.run(TempTestSuite1612803436481.groovy:39)
"/>
         <system-out><![CDATA[2021-02-08 18:57:22 - [TEST_CASE][ERROR] - Test Cases/Search: Test Cases/Search FAILED.
Reason:
java.lang.IndexOutOfBoundsException: Index: 0, Size: 0
	at java_util_List$get$0.call(Unknown Source)
	at Search.run(Search:109)
	at com.kms.katalon.core.main.ScriptEngine.run(ScriptEngine.java:194)
	at com.kms.katalon.core.main.ScriptEngine.runScriptAsRawText(ScriptEngine.java:119)
	at com.kms.katalon.core.main.TestCaseExecutor.runScript(TestCaseExecutor.java:398)
	at com.kms.katalon.core.main.TestCaseExecutor.doExecute(TestCaseExecutor.java:389)
	at com.kms.katalon.core.main.TestCaseExecutor.processExecutionPhase(TestCaseExecutor.java:368)
	at com.kms.katalon.core.main.TestCaseExecutor.accessMainPhase(TestCaseExecutor.java:360)
	at com.kms.katalon.core.main.TestCaseExecutor.execute(TestCaseExecutor.java:255)
	at com.kms.katalon.core.main.TestSuiteExecutor.accessTestCaseMainPhase(TestSuiteExecutor.java:203)
	at com.kms.katalon.core.main.TestSuiteExecutor.accessTestSuiteMainPhase(TestSuiteExecutor.java:152)
	at com.kms.katalon.core.main.TestSuiteExecutor.execute(TestSuiteExecutor.java:95)
	at com.kms.katalon.core.main.TestCaseMain.startTestSuite(TestCaseMain.java:157)
	at com.kms.katalon.core.main.TestCaseMain$startTestSuite$0.call(Unknown Source)
	at TempTestSuite1612803436481.run(TempTestSuite1612803436481.groovy:39)


2021-02-08 18:57:22 - [TEST_STEP][PASSED] - location = searchLocation: null

2021-02-08 18:57:22 - [TEST_STEP][PASSED] - description = searchDescription: null

2021-02-08 18:57:22 - [TEST_STEP][PASSED] - fullTime = searchFullTime: null

2021-02-08 18:57:22 - [TEST_STEP][PASSED] - lat = latitude: null

2021-02-08 18:57:22 - [TEST_STEP][PASSED] - longPar = longitude: null

2021-02-08 18:57:22 - [TEST_STEP][PASSED] - pageNum = pageNumber: null

2021-02-08 18:57:22 - [TEST_STEP][PASSED] - Search = generalSearch: null

2021-02-08 18:57:22 - [TEST_STEP][PASSED] - location = location: null

2021-02-08 18:57:22 - [TEST_STEP][PASSED] - description = description: null

2021-02-08 18:57:22 - [TEST_STEP][PASSED] - fullTime = fullTime: null

2021-02-08 18:57:22 - [TEST_STEP][PASSED] - latitude = lat: null

2021-02-08 18:57:22 - [TEST_STEP][PASSED] - longitude = longPar: null

2021-02-08 18:57:22 - [TEST_STEP][PASSED] - println("GlobalVariable.location::: " + location): null

2021-02-08 18:57:22 - [TEST_STEP][PASSED] - println("GlobalVariable.description::: " + description): null

2021-02-08 18:57:22 - [TEST_STEP][PASSED] - println("GlobalVariable.fullTime::: " + fullTime): null

2021-02-08 18:57:22 - [TEST_STEP][PASSED] - println("GlobalVariable.latitude::: " + latitude): null

2021-02-08 18:57:22 - [TEST_STEP][PASSED] - println("GlobalVariable.longitude::: " + longitude): null

2021-02-08 18:57:22 - [TEST_STEP][PASSED] - SearchRes = <not implemented yet for class: org.codehaus.groovy.ast.expr.EmptyExpression>: null

2021-02-08 18:57:22 - [TEST_STEP][PASSED] - slurper = new groovy.json.JsonSlurper(): null

2021-02-08 18:57:22 - [TEST_STEP][PASSED] - if (pageNum.isEmpty()): null

2021-02-08 18:57:22 - [TEST_STEP][PASSED] - else: null

2021-02-08 18:57:22 - [TEST_STEP][PASSED] - positionsAPI = positionsAPI + "page=" + pageNum + "&": null

2021-02-08 18:57:22 - [TEST_STEP][PASSED] - if (Search.isEmpty()): null

2021-02-08 18:57:22 - [TEST_STEP][PASSED] - if (!(toString().isEmpty()) || !(toString().isEmpty())): null

2021-02-08 18:57:22 - [TEST_STEP][PASSED] - else: null

2021-02-08 18:57:22 - [TEST_STEP][PASSED] - SearchRes = sendRequest(findTestObject("Object Repository/SearchAPIs/positions.json")): Send request successfully

2021-02-08 18:57:23 - [MESSAGE][INFO] - HAR: /Users/admin/Katalon Studio/GitHubSearch/Reports/20210208_185716/All Search Test Cases/20210208_185716/requests/main/1.har

2021-02-08 18:57:23 - [MESSAGE][PASSED] - Send request successfully

2021-02-08 18:57:23 - [TEST_STEP][PASSED] - println("location API/Search is and Page not empty"): null

2021-02-08 18:57:23 - [TEST_STEP][PASSED] - CommonKW().verifyStatusCode(SearchRes, 200): Response status codes match

2021-02-08 18:57:23 - [MESSAGE][PASSED] - Response status codes match

2021-02-08 18:57:23 - [TEST_STEP][PASSED] - SearchResBody = slurper.parseText(SearchRes.getResponseBodyContent()): null

2021-02-08 18:57:23 - [TEST_STEP][PASSED] - println("Job Title::: " + get(0).get("title")): null]]></system-out>
         <system-err><![CDATA[2021-02-08 18:57:22 - [TEST_CASE][ERROR] - Test Cases/Search: Test Cases/Search FAILED.
Reason:
java.lang.IndexOutOfBoundsException: Index: 0, Size: 0
	at java_util_List$get$0.call(Unknown Source)
	at Search.run(Search:109)
	at com.kms.katalon.core.main.ScriptEngine.run(ScriptEngine.java:194)
	at com.kms.katalon.core.main.ScriptEngine.runScriptAsRawText(ScriptEngine.java:119)
	at com.kms.katalon.core.main.TestCaseExecutor.runScript(TestCaseExecutor.java:398)
	at com.kms.katalon.core.main.TestCaseExecutor.doExecute(TestCaseExecutor.java:389)
	at com.kms.katalon.core.main.TestCaseExecutor.processExecutionPhase(TestCaseExecutor.java:368)
	at com.kms.katalon.core.main.TestCaseExecutor.accessMainPhase(TestCaseExecutor.java:360)
	at com.kms.katalon.core.main.TestCaseExecutor.execute(TestCaseExecutor.java:255)
	at com.kms.katalon.core.main.TestSuiteExecutor.accessTestCaseMainPhase(TestSuiteExecutor.java:203)
	at com.kms.katalon.core.main.TestSuiteExecutor.accessTestSuiteMainPhase(TestSuiteExecutor.java:152)
	at com.kms.katalon.core.main.TestSuiteExecutor.execute(TestSuiteExecutor.java:95)
	at com.kms.katalon.core.main.TestCaseMain.startTestSuite(TestCaseMain.java:157)
	at com.kms.katalon.core.main.TestCaseMain$startTestSuite$0.call(Unknown Source)
	at TempTestSuite1612803436481.run(TempTestSuite1612803436481.groovy:39)]]></system-err>
      </testcase>
      <testcase name="Test Cases/Search" time="1.671" classname="Test Cases/Search" status="PASSED">
         <system-out><![CDATA[2021-02-08 18:57:23 - [TEST_CASE][PASSED] - Test Cases/Search: Test Cases/Search

2021-02-08 18:57:23 - [TEST_STEP][PASSED] - location = searchLocation: null

2021-02-08 18:57:23 - [TEST_STEP][PASSED] - description = searchDescription: null

2021-02-08 18:57:23 - [TEST_STEP][PASSED] - fullTime = searchFullTime: null

2021-02-08 18:57:23 - [TEST_STEP][PASSED] - lat = latitude: null

2021-02-08 18:57:23 - [TEST_STEP][PASSED] - longPar = longitude: null

2021-02-08 18:57:23 - [TEST_STEP][PASSED] - pageNum = pageNumber: null

2021-02-08 18:57:23 - [TEST_STEP][PASSED] - Search = generalSearch: null

2021-02-08 18:57:23 - [TEST_STEP][PASSED] - location = location: null

2021-02-08 18:57:23 - [TEST_STEP][PASSED] - description = description: null

2021-02-08 18:57:23 - [TEST_STEP][PASSED] - fullTime = fullTime: null

2021-02-08 18:57:23 - [TEST_STEP][PASSED] - latitude = lat: null

2021-02-08 18:57:23 - [TEST_STEP][PASSED] - longitude = longPar: null

2021-02-08 18:57:23 - [TEST_STEP][PASSED] - println("GlobalVariable.location::: " + location): null

2021-02-08 18:57:23 - [TEST_STEP][PASSED] - println("GlobalVariable.description::: " + description): null

2021-02-08 18:57:23 - [TEST_STEP][PASSED] - println("GlobalVariable.fullTime::: " + fullTime): null

2021-02-08 18:57:23 - [TEST_STEP][PASSED] - println("GlobalVariable.latitude::: " + latitude): null

2021-02-08 18:57:23 - [TEST_STEP][PASSED] - println("GlobalVariable.longitude::: " + longitude): null

2021-02-08 18:57:23 - [TEST_STEP][PASSED] - SearchRes = <not implemented yet for class: org.codehaus.groovy.ast.expr.EmptyExpression>: null

2021-02-08 18:57:23 - [TEST_STEP][PASSED] - slurper = new groovy.json.JsonSlurper(): null

2021-02-08 18:57:23 - [TEST_STEP][PASSED] - if (pageNum.isEmpty()): null

2021-02-08 18:57:23 - [TEST_STEP][PASSED] - else: null

2021-02-08 18:57:23 - [TEST_STEP][PASSED] - positionsAPI = positionsAPI + "page=" + pageNum + "&": null

2021-02-08 18:57:23 - [TEST_STEP][PASSED] - if (Search.isEmpty()): null

2021-02-08 18:57:23 - [TEST_STEP][PASSED] - else: null

2021-02-08 18:57:23 - [TEST_STEP][PASSED] - positionsAPI = positionsAPI + "search=" + Search + "&": null

2021-02-08 18:57:23 - [TEST_STEP][PASSED] - if (!(toString().isEmpty()) || !(toString().isEmpty())): null

2021-02-08 18:57:23 - [TEST_STEP][PASSED] - SearchRes = sendRequest(findTestObject("Object Repository/SearchAPIs/positions.json - lat_long")): Send request successfully

2021-02-08 18:57:25 - [MESSAGE][INFO] - HAR: /Users/admin/Katalon Studio/GitHubSearch/Reports/20210208_185716/All Search Test Cases/20210208_185716/requests/main/2.har

2021-02-08 18:57:25 - [MESSAGE][PASSED] - Send request successfully

2021-02-08 18:57:25 - [TEST_STEP][PASSED] - println("lat_long API/Search not empty and Page not empty"): null

2021-02-08 18:57:25 - [TEST_STEP][PASSED] - CommonKW().verifyStatusCode(SearchRes, 200): Response status codes match

2021-02-08 18:57:25 - [MESSAGE][PASSED] - Response status codes match

2021-02-08 18:57:25 - [TEST_STEP][PASSED] - SearchResBody = slurper.parseText(SearchRes.getResponseBodyContent()): null

2021-02-08 18:57:25 - [TEST_STEP][PASSED] - println("Job Title::: " + get(0).get("title")): null]]></system-out>
         <system-err><![CDATA[]]></system-err>
      </testcase>
      <testcase name="Test Cases/Search" time="1.186" classname="Test Cases/Search" status="PASSED">
         <system-out><![CDATA[2021-02-08 18:57:25 - [TEST_CASE][PASSED] - Test Cases/Search: Test Cases/Search

2021-02-08 18:57:25 - [TEST_STEP][PASSED] - location = searchLocation: null

2021-02-08 18:57:25 - [TEST_STEP][PASSED] - description = searchDescription: null

2021-02-08 18:57:25 - [TEST_STEP][PASSED] - fullTime = searchFullTime: null

2021-02-08 18:57:25 - [TEST_STEP][PASSED] - lat = latitude: null

2021-02-08 18:57:25 - [TEST_STEP][PASSED] - longPar = longitude: null

2021-02-08 18:57:25 - [TEST_STEP][PASSED] - pageNum = pageNumber: null

2021-02-08 18:57:25 - [TEST_STEP][PASSED] - Search = generalSearch: null

2021-02-08 18:57:25 - [TEST_STEP][PASSED] - location = location: null

2021-02-08 18:57:25 - [TEST_STEP][PASSED] - description = description: null

2021-02-08 18:57:25 - [TEST_STEP][PASSED] - fullTime = fullTime: null

2021-02-08 18:57:25 - [TEST_STEP][PASSED] - latitude = lat: null

2021-02-08 18:57:25 - [TEST_STEP][PASSED] - longitude = longPar: null

2021-02-08 18:57:25 - [TEST_STEP][PASSED] - println("GlobalVariable.location::: " + location): null

2021-02-08 18:57:25 - [TEST_STEP][PASSED] - println("GlobalVariable.description::: " + description): null

2021-02-08 18:57:25 - [TEST_STEP][PASSED] - println("GlobalVariable.fullTime::: " + fullTime): null

2021-02-08 18:57:25 - [TEST_STEP][PASSED] - println("GlobalVariable.latitude::: " + latitude): null

2021-02-08 18:57:25 - [TEST_STEP][PASSED] - println("GlobalVariable.longitude::: " + longitude): null

2021-02-08 18:57:25 - [TEST_STEP][PASSED] - SearchRes = <not implemented yet for class: org.codehaus.groovy.ast.expr.EmptyExpression>: null

2021-02-08 18:57:25 - [TEST_STEP][PASSED] - slurper = new groovy.json.JsonSlurper(): null

2021-02-08 18:57:25 - [TEST_STEP][PASSED] - if (pageNum.isEmpty()): null

2021-02-08 18:57:25 - [TEST_STEP][PASSED] - if (Search.isEmpty()): null

2021-02-08 18:57:25 - [TEST_STEP][PASSED] - if (!(toString().isEmpty()) || !(toString().isEmpty())): null

2021-02-08 18:57:25 - [TEST_STEP][PASSED] - else: null

2021-02-08 18:57:25 - [TEST_STEP][PASSED] - SearchRes = sendRequest(findTestObject("Object Repository/SearchAPIs/positions.json")): Send request successfully

2021-02-08 18:57:26 - [MESSAGE][INFO] - HAR: /Users/admin/Katalon Studio/GitHubSearch/Reports/20210208_185716/All Search Test Cases/20210208_185716/requests/main/3.har

2021-02-08 18:57:26 - [MESSAGE][PASSED] - Send request successfully

2021-02-08 18:57:26 - [TEST_STEP][PASSED] - println("location API/Search and Page is empty"): null

2021-02-08 18:57:26 - [TEST_STEP][PASSED] - CommonKW().verifyStatusCode(SearchRes, 200): Response status codes match

2021-02-08 18:57:26 - [MESSAGE][PASSED] - Response status codes match

2021-02-08 18:57:26 - [TEST_STEP][PASSED] - SearchResBody = slurper.parseText(SearchRes.getResponseBodyContent()): null

2021-02-08 18:57:26 - [TEST_STEP][PASSED] - println("Job Title::: " + get(0).get("title")): null]]></system-out>
         <system-err><![CDATA[]]></system-err>
      </testcase>
      <system-out><![CDATA[2021-02-08 18:57:18 - [TEST_SUITE][ERROR] - All Search Test Cases: Test Cases/Search FAILED.
Reason:
java.lang.IndexOutOfBoundsException: Index: 0, Size: 0
	at java_util_List$get$0.call(Unknown Source)
	at Search.run(Search:109)
	at com.kms.katalon.core.main.ScriptEngine.run(ScriptEngine.java:194)
	at com.kms.katalon.core.main.ScriptEngine.runScriptAsRawText(ScriptEngine.java:119)
	at com.kms.katalon.core.main.TestCaseExecutor.runScript(TestCaseExecutor.java:398)
	at com.kms.katalon.core.main.TestCaseExecutor.doExecute(TestCaseExecutor.java:389)
	at com.kms.katalon.core.main.TestCaseExecutor.processExecutionPhase(TestCaseExecutor.java:368)
	at com.kms.katalon.core.main.TestCaseExecutor.accessMainPhase(TestCaseExecutor.java:360)
	at com.kms.katalon.core.main.TestCaseExecutor.execute(TestCaseExecutor.java:255)
	at com.kms.katalon.core.main.TestSuiteExecutor.accessTestCaseMainPhase(TestSuiteExecutor.java:203)
	at com.kms.katalon.core.main.TestSuiteExecutor.accessTestSuiteMainPhase(TestSuiteExecutor.java:152)
	at com.kms.katalon.core.main.TestSuiteExecutor.execute(TestSuiteExecutor.java:95)
	at com.kms.katalon.core.main.TestCaseMain.startTestSuite(TestCaseMain.java:157)
	at com.kms.katalon.core.main.TestCaseMain$startTestSuite$0.call(Unknown Source)
	at TempTestSuite1612803436481.run(TempTestSuite1612803436481.groovy:39)]]></system-out>
      <system-err><![CDATA[2021-02-08 18:57:18 - [TEST_SUITE][ERROR] - All Search Test Cases: Test Cases/Search FAILED.
Reason:
java.lang.IndexOutOfBoundsException: Index: 0, Size: 0
	at java_util_List$get$0.call(Unknown Source)
	at Search.run(Search:109)
	at com.kms.katalon.core.main.ScriptEngine.run(ScriptEngine.java:194)
	at com.kms.katalon.core.main.ScriptEngine.runScriptAsRawText(ScriptEngine.java:119)
	at com.kms.katalon.core.main.TestCaseExecutor.runScript(TestCaseExecutor.java:398)
	at com.kms.katalon.core.main.TestCaseExecutor.doExecute(TestCaseExecutor.java:389)
	at com.kms.katalon.core.main.TestCaseExecutor.processExecutionPhase(TestCaseExecutor.java:368)
	at com.kms.katalon.core.main.TestCaseExecutor.accessMainPhase(TestCaseExecutor.java:360)
	at com.kms.katalon.core.main.TestCaseExecutor.execute(TestCaseExecutor.java:255)
	at com.kms.katalon.core.main.TestSuiteExecutor.accessTestCaseMainPhase(TestSuiteExecutor.java:203)
	at com.kms.katalon.core.main.TestSuiteExecutor.accessTestSuiteMainPhase(TestSuiteExecutor.java:152)
	at com.kms.katalon.core.main.TestSuiteExecutor.execute(TestSuiteExecutor.java:95)
	at com.kms.katalon.core.main.TestCaseMain.startTestSuite(TestCaseMain.java:157)
	at com.kms.katalon.core.main.TestCaseMain$startTestSuite$0.call(Unknown Source)
	at TempTestSuite1612803436481.run(TempTestSuite1612803436481.groovy:39)]]></system-err>
   </testsuite>
</testsuites>
